2026-03-27 17:56:54,301 - GmailWatcher - ERROR - Credentials file not found: C:\Users\adnanlaptop\OneDrive\Documents\GitHub\WK-Personal-AI-Employee\scripts\credentials.json
2026-03-27 17:56:54,302 - GmailWatcher - ERROR - Please download credentials.json from Google Cloud Console
2026-03-27 17:56:54,303 - GmailWatcher - INFO - Gmail Watcher initialized - Monitoring labels: ['UNREAD', 'IMPORTANT']
2026-03-27 17:58:10,374 - GmailWatcher - ERROR - Credentials file not found: C:\Users\adnanlaptop\OneDrive\Documents\GitHub\WK-Personal-AI-Employee\scripts\credentials.json
2026-03-27 17:58:10,374 - GmailWatcher - ERROR - Please download credentials.json from Google Cloud Console
2026-03-27 17:58:10,374 - GmailWatcher - INFO - Gmail Watcher initialized - Monitoring labels: ['UNREAD', 'IMPORTANT']
2026-03-27 17:59:35,359 - GmailWatcher - ERROR - Credentials file not found: C:\Users\adnanlaptop\OneDrive\Documents\GitHub\WK-Personal-AI-Employee\scripts\credentials.json
2026-03-27 17:59:35,360 - GmailWatcher - ERROR - Please download credentials.json from Google Cloud Console
2026-03-27 17:59:35,360 - GmailWatcher - INFO - Gmail Watcher initialized - Monitoring labels: ['UNREAD', 'IMPORTANT']
2026-03-27 17:59:35,361 - GmailWatcher - INFO - Starting GmailWatcher
2026-03-27 17:59:35,361 - GmailWatcher - INFO - Vault path: C:\Users\adnanlaptop\OneDrive\Documents\GitHub\WK-Personal-AI-Employee\AI_Employee_Vault
2026-03-27 17:59:35,362 - GmailWatcher - INFO - Check interval: 5s
2026-03-27 17:59:35,362 - GmailWatcher - WARNING - Gmail service not initialized
2026-03-27 17:59:40,364 - GmailWatcher - WARNING - Gmail service not initialized
2026-03-27 17:59:45,367 - GmailWatcher - WARNING - Gmail service not initialized
2026-03-27 17:59:50,374 - GmailWatcher - WARNING - Gmail service not initialized
2026-03-27 17:59:55,376 - GmailWatcher - WARNING - Gmail service not initialized
2026-03-27 18:00:00,378 - GmailWatcher - WARNING - Gmail service not initialized
2026-03-27 18:00:05,384 - GmailWatcher - WARNING - Gmail service not initialized
2026-03-27 18:00:10,387 - GmailWatcher - WARNING - Gmail service not initialized
2026-03-27 18:00:15,390 - GmailWatcher - WARNING - Gmail service not initialized
2026-03-27 18:00:20,394 - GmailWatcher - WARNING - Gmail service not initialized
2026-03-27 18:00:25,396 - GmailWatcher - WARNING - Gmail service not initialized
2026-03-27 18:00:30,398 - GmailWatcher - WARNING - Gmail service not initialized
2026-03-27 18:00:35,400 - GmailWatcher - WARNING - Gmail service not initialized
2026-03-27 18:00:40,402 - GmailWatcher - WARNING - Gmail service not initialized
2026-03-27 18:00:45,405 - GmailWatcher - WARNING - Gmail service not initialized
2026-03-27 18:00:50,408 - GmailWatcher - WARNING - Gmail service not initialized
2026-03-27 18:00:55,410 - GmailWatcher - WARNING - Gmail service not initialized
2026-03-27 18:01:00,413 - GmailWatcher - WARNING - Gmail service not initialized
2026-03-27 18:01:05,415 - GmailWatcher - WARNING - Gmail service not initialized
2026-03-27 18:01:10,419 - GmailWatcher - WARNING - Gmail service not initialized
2026-03-27 18:01:15,423 - GmailWatcher - WARNING - Gmail service not initialized
2026-03-27 18:01:20,426 - GmailWatcher - WARNING - Gmail service not initialized
2026-03-27 18:09:26,226 - GmailWatcher - INFO - Loaded 0 processed IDs from state
2026-03-27 18:09:26,227 - GmailWatcher - ERROR - Credentials file not found: C:\Users\adnanlaptop\OneDrive\Documents\GitHub\WK-Personal-AI-Employee\scripts\credentials.json
2026-03-27 18:09:26,227 - GmailWatcher - ERROR - Please download credentials.json from Google Cloud Console
2026-03-27 18:09:26,227 - GmailWatcher - INFO - Gmail Watcher initialized - Monitoring labels: ['UNREAD', 'IMPORTANT']
2026-03-27 18:09:26,228 - GmailWatcher - INFO - Starting GmailWatcher
2026-03-27 18:09:26,228 - GmailWatcher - INFO - Vault path: C:\Users\adnanlaptop\OneDrive\Documents\GitHub\WK-Personal-AI-Employee\AI_Employee_Vault
2026-03-27 18:09:26,229 - GmailWatcher - INFO - Check interval: 120s
2026-03-27 18:09:26,229 - GmailWatcher - WARNING - Gmail service not initialized
2026-03-27 18:11:26,231 - GmailWatcher - WARNING - Gmail service not initialized
2026-03-27 18:13:26,235 - GmailWatcher - WARNING - Gmail service not initialized
2026-03-27 18:15:26,239 - GmailWatcher - WARNING - Gmail service not initialized
2026-03-27 18:17:26,243 - GmailWatcher - WARNING - Gmail service not initialized
2026-03-27 18:19:17,008 - GmailWatcher - INFO - Loaded 0 processed IDs from state
2026-03-27 18:19:17,008 - GmailWatcher - INFO - Starting OAuth authorization flow...
2026-03-27 18:19:17,009 - GmailWatcher - INFO - Opening browser for authorization...
2026-03-27 18:19:17,112 - google_auth_oauthlib.flow - INFO - Please visit this URL to authorize this application: https://accounts.google.com/o/oauth2/auth?response_type=code&client_id=868499932863-ak9vqnipouqgcvi56ecbqr3iro7u9j4a.apps.googleusercontent.com&redirect_uri=http%3A%2F%2Flocalhost%3A57161%2F&scope=https%3A%2F%2Fwww.googleapis.com%2Fauth%2Fgmail.readonly&state=cQN6pPeFabvu0vJUro5Nmu4Ykwcm7E&code_challenge=OZSfWol1QqKWEmf-WRn4CQvxxl84tZMRNi6lQMOWkgk&code_challenge_method=S256&access_type=offline
2026-03-27 18:19:26,246 - GmailWatcher - WARNING - Gmail service not initialized
