2026-03-31 00:25:43,744 - Orchestrator - INFO - Orchestrator initialized for vault: C:\Users\adnanlaptop\OneDrive\Documents\GitHub\WK-Personal-AI-Employee\AI_Employee_Vault
2026-03-31 00:25:43,745 - Orchestrator - INFO - Workflow: Needs_Action -> Pending_Approval -> Approved -> Done
2026-03-31 00:25:43,745 - Orchestrator - INFO - Starting processing cycle
2026-03-31 00:25:43,748 - Orchestrator - INFO - Found 10 item(s) in Needs_Action
2026-03-31 00:25:43,754 - Orchestrator - INFO - Moved to Pending_Approval: EMAIL_20260330_235045_1bugatti.0018_Test -AI Employee.md
2026-03-31 00:25:43,758 - Orchestrator - INFO - Moved to Pending_Approval: EMAIL_20260330_235045_donotreply_Confirm your subscription.md
2026-03-31 00:25:43,761 - Orchestrator - INFO - Moved to Pending_Approval: EMAIL_20260330_235045_hello_Connect with Learners Like You (Discord Community).md
2026-03-31 00:25:43,765 - Orchestrator - INFO - Moved to Pending_Approval: EMAIL_20260330_235045_hello_Discover What YouLearn Can Do.md
2026-03-31 00:25:43,768 - Orchestrator - INFO - Moved to Pending_Approval: EMAIL_20260330_235045_hello_Welcome to YouLearn – An AI Tutor Made For You.md
2026-03-31 00:25:43,771 - Orchestrator - INFO - Moved to Pending_Approval: EMAIL_20260330_235045_no-reply_Security alert for autopile905@gmail.com.md
2026-03-31 00:25:43,774 - Orchestrator - INFO - Moved to Pending_Approval: EMAIL_20260330_235045_no-reply_Security alert.md
2026-03-31 00:25:43,778 - Orchestrator - INFO - Moved to Pending_Approval: EMAIL_20260330_235045_no-reply_Someone added you as their recovery email.md
2026-03-31 00:25:43,782 - Orchestrator - INFO - Moved to Pending_Approval: EMAIL_20260330_235045_security_Email changed on Instagram.md
2026-03-31 00:25:43,785 - Orchestrator - INFO - Moved to Pending_Approval: EMAIL_20260330_235418_autophile357_Greetings.md
2026-03-31 00:25:43,786 - Orchestrator - INFO - Found 1 approved item(s) ready for processing
2026-03-31 00:25:43,787 - Orchestrator - INFO - Prepared 1 action file(s) for AI processing
2026-03-31 00:25:43,789 - Orchestrator - INFO - Created processing instructions: C:\Users\adnanlaptop\OneDrive\Documents\GitHub\WK-Personal-AI-Employee\AI_Employee_Vault\_AI_PROCESSING_INSTRUCTIONS.md
2026-03-31 00:25:43,789 - Orchestrator - INFO - Approved files ready for AI processing
2026-03-31 00:25:43,795 - Orchestrator - INFO - Dashboard updated
2026-03-31 00:25:43,795 - Orchestrator - INFO - Cycle complete
2026-03-31 01:01:49,266 - Orchestrator - INFO - Orchestrator initialized for vault: C:\Users\adnanlaptop\OneDrive\Documents\GitHub\WK-Personal-AI-Employee\AI_Employee_Vault
2026-03-31 01:01:49,268 - Orchestrator - INFO - Workflow: Needs_Action -> Pending_Approval -> Approved -> Done
2026-03-31 01:01:49,268 - Orchestrator - INFO - Starting processing cycle
2026-03-31 01:01:49,269 - Orchestrator - INFO - Found 1 item(s) in Needs_Action
2026-03-31 01:01:49,272 - Orchestrator - INFO - Moved to Pending_Approval: EMAIL_20260331_005918_1bugatti.0018_Greetings.md
2026-03-31 01:01:49,273 - Orchestrator - INFO - Found 1 approved item(s) ready for processing
2026-03-31 01:01:49,274 - Orchestrator - INFO - Prepared 1 action file(s) for AI processing
2026-03-31 01:01:49,275 - Orchestrator - INFO - Created processing instructions: C:\Users\adnanlaptop\OneDrive\Documents\GitHub\WK-Personal-AI-Employee\AI_Employee_Vault\_AI_PROCESSING_INSTRUCTIONS.md
2026-03-31 01:01:49,275 - Orchestrator - INFO - Approved files ready for AI processing
2026-03-31 01:01:49,280 - Orchestrator - INFO - Dashboard updated
2026-03-31 01:01:49,281 - Orchestrator - INFO - Cycle complete
2026-03-31 01:24:18,515 - Orchestrator - INFO - Orchestrator initialized for vault: C:\Users\adnanlaptop\OneDrive\Documents\GitHub\WK-Personal-AI-Employee\AI_Employee_Vault
2026-03-31 01:24:18,516 - Orchestrator - INFO - Workflow: Needs_Action -> Pending_Approval -> Approved -> Done
2026-03-31 01:24:18,517 - Orchestrator - INFO - Starting processing cycle
2026-03-31 01:24:18,518 - Orchestrator - INFO - Found 1 item(s) in Needs_Action
2026-03-31 01:24:18,521 - Orchestrator - INFO - Moved to Pending_Approval: EMAIL_20260331_010544_no-reply_Confirm your email address for Instagram.md
2026-03-31 01:24:18,522 - Orchestrator - INFO - Found 1 approved item(s) ready for processing
2026-03-31 01:24:19,810 - googleapiclient.discovery_cache - INFO - file_cache is only supported with oauth2client<4.0.0
2026-03-31 01:24:19,815 - Orchestrator - INFO - Prepared 1 action file(s) for AI processing
2026-03-31 01:24:19,817 - Orchestrator - INFO - Created processing instructions: C:\Users\adnanlaptop\OneDrive\Documents\GitHub\WK-Personal-AI-Employee\AI_Employee_Vault\_AI_PROCESSING_INSTRUCTIONS.md
2026-03-31 01:24:19,818 - Orchestrator - INFO - Approved files ready for AI processing
2026-03-31 01:24:19,825 - Orchestrator - INFO - Dashboard updated
2026-03-31 01:24:19,825 - Orchestrator - INFO - Cycle complete
2026-03-31 01:25:00,365 - Orchestrator - INFO - Orchestrator initialized for vault: C:\Users\adnanlaptop\OneDrive\Documents\GitHub\WK-Personal-AI-Employee\AI_Employee_Vault
2026-03-31 01:25:00,375 - Orchestrator - INFO - Workflow: Needs_Action -> Pending_Approval -> Approved -> Done
2026-03-31 01:25:00,375 - Orchestrator - INFO - Starting processing cycle
2026-03-31 01:25:00,377 - Orchestrator - INFO - Found 2 approved item(s) ready for processing
2026-03-31 01:25:01,234 - googleapiclient.discovery_cache - INFO - file_cache is only supported with oauth2client<4.0.0
2026-03-31 01:25:01,264 - Orchestrator - INFO - Prepared 2 action file(s) for AI processing
2026-03-31 01:25:01,267 - Orchestrator - INFO - Created processing instructions: C:\Users\adnanlaptop\OneDrive\Documents\GitHub\WK-Personal-AI-Employee\AI_Employee_Vault\_AI_PROCESSING_INSTRUCTIONS.md
2026-03-31 01:25:01,268 - Orchestrator - INFO - Approved files ready for AI processing
2026-03-31 01:25:01,274 - Orchestrator - INFO - Dashboard updated
2026-03-31 01:25:01,275 - Orchestrator - INFO - Cycle complete
2026-03-31 01:25:41,092 - Orchestrator - INFO - Orchestrator initialized for vault: C:\Users\adnanlaptop\OneDrive\Documents\GitHub\WK-Personal-AI-Employee\AI_Employee_Vault
2026-03-31 01:25:41,093 - Orchestrator - INFO - Workflow: Needs_Action -> Pending_Approval -> Approved -> Done
2026-03-31 01:25:41,093 - Orchestrator - INFO - Starting processing cycle
2026-03-31 01:25:41,094 - Orchestrator - INFO - Found 2 approved item(s) ready for processing
2026-03-31 01:25:41,959 - googleapiclient.discovery_cache - INFO - file_cache is only supported with oauth2client<4.0.0
2026-03-31 01:25:41,964 - Orchestrator - INFO - Auto-generating draft for EMAIL_20260330_235045_hello_Connect with Learners Like You (Discord Community).md
2026-03-31 01:25:41,966 - Orchestrator - INFO - Prepared 2 action file(s) for AI processing
2026-03-31 01:25:41,968 - Orchestrator - INFO - Created processing instructions: C:\Users\adnanlaptop\OneDrive\Documents\GitHub\WK-Personal-AI-Employee\AI_Employee_Vault\_AI_PROCESSING_INSTRUCTIONS.md
2026-03-31 01:25:41,969 - Orchestrator - INFO - Approved files ready for AI processing
2026-03-31 01:25:41,976 - Orchestrator - INFO - Dashboard updated
2026-03-31 01:25:41,978 - Orchestrator - INFO - Cycle complete
2026-03-31 01:27:11,741 - Orchestrator - INFO - Orchestrator initialized for vault: C:\Users\adnanlaptop\OneDrive\Documents\GitHub\WK-Personal-AI-Employee\AI_Employee_Vault
2026-03-31 01:27:11,742 - Orchestrator - INFO - Workflow: Needs_Action -> Pending_Approval -> Approved -> Done
2026-03-31 01:27:11,743 - Orchestrator - INFO - Starting processing cycle
2026-03-31 01:27:11,744 - Orchestrator - INFO - Found 2 approved item(s) ready for processing
2026-03-31 01:27:12,662 - googleapiclient.discovery_cache - INFO - file_cache is only supported with oauth2client<4.0.0
2026-03-31 01:27:12,704 - Orchestrator - INFO - Prepared 2 action file(s) for AI processing
2026-03-31 01:27:12,706 - Orchestrator - INFO - Created processing instructions: C:\Users\adnanlaptop\OneDrive\Documents\GitHub\WK-Personal-AI-Employee\AI_Employee_Vault\_AI_PROCESSING_INSTRUCTIONS.md
2026-03-31 01:27:12,707 - Orchestrator - INFO - Approved files ready for AI processing
2026-03-31 01:27:12,713 - Orchestrator - INFO - Dashboard updated
2026-03-31 01:27:12,714 - Orchestrator - INFO - Cycle complete
2026-03-31 21:29:18,653 - Orchestrator - INFO - Orchestrator initialized for vault: C:\Users\adnanlaptop\OneDrive\Documents\GitHub\WK-Personal-AI-Employee\AI_Employee_Vault
2026-03-31 21:29:18,654 - Orchestrator - INFO - Workflow: Needs_Action -> Pending_Approval -> Approved -> Done
2026-03-31 21:29:18,655 - Orchestrator - INFO - Starting processing cycle
2026-03-31 21:29:18,656 - Orchestrator - INFO - Found 1 item(s) in Needs_Action
2026-03-31 21:29:18,659 - Orchestrator - INFO - Moved to Pending_Approval: FILE_20260331_213000_test_bronze.md
2026-03-31 21:29:18,661 - Orchestrator - INFO - Found 2 approved item(s) ready for processing
2026-03-31 21:29:18,662 - Orchestrator - INFO - Prepared 2 action file(s) for AI processing
2026-03-31 21:29:18,663 - Orchestrator - INFO - Created processing instructions: C:\Users\adnanlaptop\OneDrive\Documents\GitHub\WK-Personal-AI-Employee\AI_Employee_Vault\_AI_PROCESSING_INSTRUCTIONS.md
2026-03-31 21:29:18,664 - Orchestrator - INFO - Approved files ready for AI processing
2026-03-31 21:29:18,670 - Orchestrator - INFO - Dashboard updated
2026-03-31 21:29:18,671 - Orchestrator - INFO - Cycle complete
2026-03-31 21:33:31,297 - Orchestrator - INFO - Orchestrator initialized for vault: C:\Users\adnanlaptop\OneDrive\Documents\GitHub\WK-Personal-AI-Employee\AI_Employee_Vault
2026-03-31 21:33:31,298 - Orchestrator - INFO - Workflow: Needs_Action -> Pending_Approval -> Approved -> Done
2026-03-31 21:33:31,299 - Orchestrator - INFO - Starting processing cycle
2026-03-31 21:33:31,301 - Orchestrator - INFO - Found 2 approved item(s) ready for processing
2026-03-31 21:33:31,301 - Orchestrator - INFO - Prepared 2 action file(s) for AI processing
2026-03-31 21:33:31,304 - Orchestrator - INFO - Created processing instructions: C:\Users\adnanlaptop\OneDrive\Documents\GitHub\WK-Personal-AI-Employee\AI_Employee_Vault\_AI_PROCESSING_INSTRUCTIONS.md
2026-03-31 21:33:31,305 - Orchestrator - INFO - Approved files ready for AI processing
2026-03-31 21:33:31,312 - Orchestrator - INFO - Dashboard updated
2026-03-31 21:33:31,313 - Orchestrator - INFO - Cycle complete
2026-03-31 21:34:07,378 - Orchestrator - INFO - Orchestrator initialized for vault: C:\Users\adnanlaptop\OneDrive\Documents\GitHub\WK-Personal-AI-Employee\AI_Employee_Vault
2026-03-31 21:34:07,379 - Orchestrator - INFO - Workflow: Needs_Action -> Pending_Approval -> Approved -> Done
2026-03-31 21:34:07,381 - Orchestrator - INFO - Starting processing cycle
2026-03-31 21:34:07,383 - Orchestrator - INFO - Found 3 approved item(s) ready for processing
2026-03-31 21:34:07,384 - Orchestrator - INFO - Prepared 3 action file(s) for AI processing
2026-03-31 21:34:07,386 - Orchestrator - INFO - Created processing instructions: C:\Users\adnanlaptop\OneDrive\Documents\GitHub\WK-Personal-AI-Employee\AI_Employee_Vault\_AI_PROCESSING_INSTRUCTIONS.md
2026-03-31 21:34:07,387 - Orchestrator - INFO - Approved files ready for AI processing
2026-03-31 21:34:07,393 - Orchestrator - INFO - Dashboard updated
2026-03-31 21:34:07,394 - Orchestrator - INFO - Cycle complete
