2026-03-31 00:47:18,603 - GmailWatcher - INFO - Loaded 11 processed IDs from state
2026-03-31 00:47:18,610 - GmailWatcher - INFO - Refreshing expired token
2026-03-31 00:47:20,166 - GmailWatcher - INFO - Token saved to C:\Users\adnanlaptop\OneDrive\Documents\GitHub\WK-Personal-AI-Employee\AI_Employee_Vault\.gmail_token.json
2026-03-31 00:47:20,182 - googleapiclient.discovery_cache - INFO - file_cache is only supported with oauth2client<4.0.0
2026-03-31 00:47:20,204 - GmailWatcher - INFO - Gmail API authentication successful
2026-03-31 00:47:20,207 - GmailWatcher - INFO - Loaded 11 processed IDs from state
2026-03-31 00:47:20,208 - GmailWatcher - INFO - Monitoring label: INBOX
2026-03-31 00:47:20,209 - GmailWatcher - INFO - Unread only: True
2026-03-31 00:59:15,712 - GmailWatcher - INFO - Loaded 11 processed IDs from state
2026-03-31 00:59:15,727 - googleapiclient.discovery_cache - INFO - file_cache is only supported with oauth2client<4.0.0
2026-03-31 00:59:15,732 - GmailWatcher - INFO - Gmail API authentication successful
2026-03-31 00:59:15,733 - GmailWatcher - INFO - Loaded 11 processed IDs from state
2026-03-31 00:59:15,733 - GmailWatcher - INFO - Monitoring label: INBOX
2026-03-31 00:59:15,734 - GmailWatcher - INFO - Unread only: True
2026-03-31 00:59:15,735 - GmailWatcher - INFO - Starting GmailWatcher
2026-03-31 00:59:15,736 - GmailWatcher - INFO - Vault path: C:\Users\adnanlaptop\OneDrive\Documents\GitHub\WK-Personal-AI-Employee\AI_Employee_Vault
2026-03-31 00:59:15,736 - GmailWatcher - INFO - Check interval: 30s
2026-03-31 00:59:18,023 - GmailWatcher - INFO - Found 1 new email(s)
2026-03-31 00:59:18,024 - GmailWatcher - INFO - Found 1 new item(s)
2026-03-31 00:59:18,040 - GmailWatcher - INFO - Created action file for email: Greetings
2026-03-31 00:59:18,041 - GmailWatcher - INFO - Created action file: EMAIL_20260331_005918_1bugatti.0018_Greetings.md
2026-03-31 00:59:48,432 - GmailWatcher - INFO - Found 0 new email(s)
2026-03-31 01:00:18,835 - GmailWatcher - INFO - Found 0 new email(s)
2026-03-31 01:00:49,191 - GmailWatcher - INFO - Found 0 new email(s)
2026-03-31 01:01:19,558 - GmailWatcher - INFO - Found 0 new email(s)
2026-03-31 01:02:11,169 - GmailWatcher - ERROR - Error checking Gmail: [WinError 10054] An existing connection was forcibly closed by the remote host
2026-03-31 01:02:41,786 - GmailWatcher - INFO - Found 0 new email(s)
2026-03-31 01:03:12,212 - GmailWatcher - INFO - Found 0 new email(s)
2026-03-31 01:03:42,613 - GmailWatcher - INFO - Found 0 new email(s)
2026-03-31 01:04:12,965 - GmailWatcher - INFO - Found 0 new email(s)
2026-03-31 01:04:43,302 - GmailWatcher - INFO - Found 0 new email(s)
2026-03-31 01:05:13,715 - GmailWatcher - INFO - Found 0 new email(s)
2026-03-31 01:05:44,627 - GmailWatcher - INFO - Found 1 new email(s)
2026-03-31 01:05:44,628 - GmailWatcher - INFO - Found 1 new item(s)
2026-03-31 01:05:44,640 - GmailWatcher - INFO - Created action file for email: Confirm your email address for Instagram
2026-03-31 01:05:44,646 - GmailWatcher - INFO - Created action file: EMAIL_20260331_010544_no-reply_Confirm your email address for Instagram.md
2026-03-31 01:06:14,995 - GmailWatcher - INFO - Found 0 new email(s)
2026-03-31 01:06:45,399 - GmailWatcher - INFO - Found 0 new email(s)
2026-03-31 01:07:15,813 - GmailWatcher - INFO - Found 0 new email(s)
2026-03-31 01:07:46,142 - GmailWatcher - INFO - Found 0 new email(s)
2026-03-31 01:08:16,549 - GmailWatcher - INFO - Found 0 new email(s)
2026-03-31 01:08:46,948 - GmailWatcher - INFO - Found 0 new email(s)
2026-03-31 01:09:22,463 - GmailWatcher - INFO - Found 0 new email(s)
2026-03-31 01:09:52,894 - GmailWatcher - INFO - Found 0 new email(s)
2026-03-31 01:10:23,307 - GmailWatcher - INFO - Found 0 new email(s)
2026-03-31 01:10:53,665 - GmailWatcher - INFO - Found 0 new email(s)
2026-03-31 01:11:24,025 - GmailWatcher - INFO - Found 0 new email(s)
2026-03-31 01:11:54,367 - GmailWatcher - INFO - Found 0 new email(s)
2026-03-31 01:12:29,876 - GmailWatcher - INFO - Found 0 new email(s)
2026-03-31 01:13:00,261 - GmailWatcher - INFO - Found 0 new email(s)
2026-03-31 01:13:30,609 - GmailWatcher - INFO - Found 0 new email(s)
2026-03-31 01:14:01,012 - GmailWatcher - INFO - Found 0 new email(s)
2026-03-31 01:14:31,527 - GmailWatcher - INFO - Found 0 new email(s)
2026-03-31 01:15:01,939 - GmailWatcher - INFO - Found 0 new email(s)
2026-03-31 01:15:32,353 - GmailWatcher - INFO - Found 0 new email(s)
2026-03-31 01:16:02,705 - GmailWatcher - INFO - Found 0 new email(s)
2026-03-31 01:16:33,059 - GmailWatcher - INFO - Found 0 new email(s)
2026-03-31 01:17:03,430 - GmailWatcher - INFO - Found 0 new email(s)
2026-03-31 01:17:33,781 - GmailWatcher - INFO - Found 0 new email(s)
2026-03-31 01:18:04,180 - GmailWatcher - INFO - Found 0 new email(s)
2026-03-31 01:18:34,628 - GmailWatcher - INFO - Found 0 new email(s)
2026-03-31 01:19:04,974 - GmailWatcher - INFO - Found 0 new email(s)
2026-03-31 01:19:35,349 - GmailWatcher - INFO - Found 0 new email(s)
2026-03-31 01:20:05,694 - GmailWatcher - INFO - Found 0 new email(s)
2026-03-31 01:20:36,074 - GmailWatcher - INFO - Found 0 new email(s)
2026-03-31 01:21:06,589 - GmailWatcher - INFO - Found 0 new email(s)
2026-03-31 01:21:37,103 - GmailWatcher - INFO - Found 0 new email(s)
2026-03-31 01:22:07,516 - GmailWatcher - INFO - Found 0 new email(s)
2026-03-31 01:22:37,853 - GmailWatcher - INFO - Found 0 new email(s)
2026-03-31 01:23:08,184 - GmailWatcher - INFO - Found 0 new email(s)
2026-03-31 01:23:38,543 - GmailWatcher - INFO - Found 0 new email(s)
2026-03-31 01:24:08,965 - GmailWatcher - INFO - Found 0 new email(s)
2026-03-31 01:24:39,377 - GmailWatcher - INFO - Found 0 new email(s)
2026-03-31 01:25:09,702 - GmailWatcher - INFO - Found 0 new email(s)
2026-03-31 01:25:40,101 - GmailWatcher - INFO - Found 0 new email(s)
2026-03-31 01:26:10,439 - GmailWatcher - INFO - Found 0 new email(s)
2026-03-31 01:26:40,825 - GmailWatcher - INFO - Found 0 new email(s)
2026-03-31 01:27:11,237 - GmailWatcher - INFO - Found 0 new email(s)
2026-03-31 01:27:41,651 - GmailWatcher - INFO - Found 0 new email(s)
2026-03-31 01:28:12,025 - GmailWatcher - INFO - Found 0 new email(s)
2026-03-31 01:28:42,477 - GmailWatcher - INFO - Found 0 new email(s)
2026-03-31 01:29:12,889 - GmailWatcher - INFO - Found 0 new email(s)
2026-03-31 01:29:43,302 - GmailWatcher - INFO - Found 0 new email(s)
2026-03-31 01:30:13,717 - GmailWatcher - INFO - Found 0 new email(s)
2026-03-31 01:30:44,129 - GmailWatcher - INFO - Found 0 new email(s)
2026-03-31 01:31:14,457 - GmailWatcher - INFO - Found 0 new email(s)
2026-03-31 01:31:44,791 - GmailWatcher - INFO - Found 0 new email(s)
2026-03-31 01:32:15,165 - GmailWatcher - INFO - Found 0 new email(s)
2026-03-31 01:32:45,576 - GmailWatcher - INFO - Found 0 new email(s)
2026-03-31 01:33:16,091 - GmailWatcher - INFO - Found 0 new email(s)
2026-03-31 01:33:46,505 - GmailWatcher - INFO - Found 0 new email(s)
2026-03-31 01:34:16,834 - GmailWatcher - INFO - Found 0 new email(s)
2026-03-31 01:34:47,229 - GmailWatcher - INFO - Found 0 new email(s)
2026-03-31 01:35:17,641 - GmailWatcher - INFO - Found 0 new email(s)
2026-03-31 01:35:48,054 - GmailWatcher - INFO - Found 0 new email(s)
2026-03-31 01:36:18,471 - GmailWatcher - INFO - Found 0 new email(s)
2026-03-31 21:30:36,680 - GmailWatcher - INFO - Loaded 13 processed IDs from state
2026-03-31 21:30:36,724 - GmailWatcher - INFO - Refreshing expired token
2026-03-31 21:30:37,998 - GmailWatcher - INFO - Token saved to C:\Users\adnanlaptop\OneDrive\Documents\GitHub\WK-Personal-AI-Employee\AI_Employee_Vault\.gmail_token.json
2026-03-31 21:30:38,019 - googleapiclient.discovery_cache - INFO - file_cache is only supported with oauth2client<4.0.0
2026-03-31 21:30:38,100 - GmailWatcher - INFO - Gmail API authentication successful
2026-03-31 21:30:38,102 - GmailWatcher - INFO - Loaded 13 processed IDs from state
2026-03-31 21:30:38,104 - GmailWatcher - INFO - Monitoring label: INBOX
2026-03-31 21:30:38,105 - GmailWatcher - INFO - Unread only: True
